<?xml version="1.0" encoding="utf-8"?><testsuites name="pytest tests"><testsuite name="pytest" errors="0" failures="0" skipped="0" tests="29" time="6.258" timestamp="2026-04-18T06:18:29.061917+00:00" hostname="agent-env-043f8d22-fdb6-4457-a14a-15b7c60bbd9d"><testcase classname="tests.test_api_endpoints.TestHealthEndpoint" name="test_health_returns_200_with_service_info" time="0.222" /><testcase classname="tests.test_api_endpoints.TestCORSHeaders" name="test_cors_headers_present_on_options" time="0.070" /><testcase classname="tests.test_api_endpoints.TestCORSHeaders" name="test_cors_headers_on_get" time="0.118" /><testcase classname="tests.test_api_endpoints.TestTranscribeEndpoint" name="test_missing_file_returns_422" time="0.109" /><testcase classname="tests.test_api_endpoints.TestTranscribeEndpoint" name="test_missing_api_key_returns_422" time="0.137" /><testcase classname="tests.test_api_endpoints.TestTranscribeEndpoint" name="test_empty_file_returns_empty_text" time="0.102" /><testcase classname="tests.test_api_endpoints.TestTranscribeEndpoint" name="test_invalid_api_key_returns_401_with_groq_error" time="0.252" /><testcase classname="tests.test_api_endpoints.TestTranscribeEndpoint" name="test_oversized_file_returns_413" time="0.931" /><testcase classname="tests.test_api_endpoints.TestSuggestionsEndpoint" name="test_missing_api_key_returns_400" time="0.135" /><testcase classname="tests.test_api_endpoints.TestSuggestionsEndpoint" name="test_empty_api_key_returns_400" time="0.102" /><testcase classname="tests.test_api_endpoints.TestSuggestionsEndpoint" name="test_invalid_api_key_returns_401_with_groq_error" time="0.200" /><testcase classname="tests.test_api_endpoints.TestSuggestionsEndpoint" name="test_context_window_below_minimum_returns_422" time="0.113" /><testcase classname="tests.test_api_endpoints.TestSuggestionsEndpoint" name="test_context_window_above_maximum_returns_422" time="0.144" /><testcase classname="tests.test_api_endpoints.TestSuggestionsEndpoint" name="test_valid_context_window_bounds" time="0.394" /><testcase classname="tests.test_api_endpoints.TestExpandEndpoint" name="test_missing_api_key_returns_422" time="0.117" /><testcase classname="tests.test_api_endpoints.TestExpandEndpoint" name="test_empty_api_key_returns_400" time="0.101" /><testcase classname="tests.test_api_endpoints.TestExpandEndpoint" name="test_invalid_api_key_returns_401_with_groq_error" time="0.206" /><testcase classname="tests.test_api_endpoints.TestExpandEndpoint" name="test_context_window_below_minimum_returns_422" time="0.119" /><testcase classname="tests.test_api_endpoints.TestExpandEndpoint" name="test_context_window_above_maximum_returns_422" time="0.103" /><testcase classname="tests.test_api_endpoints.TestExpandEndpoint" name="test_valid_context_window_bounds" time="0.392" /><testcase classname="tests.test_api_endpoints.TestChatEndpoint" name="test_missing_api_key_returns_422" time="0.104" /><testcase classname="tests.test_api_endpoints.TestChatEndpoint" name="test_empty_api_key_returns_400" time="0.101" /><testcase classname="tests.test_api_endpoints.TestChatEndpoint" name="test_empty_messages_returns_400" time="0.108" /><testcase classname="tests.test_api_endpoints.TestChatEndpoint" name="test_invalid_api_key_returns_401_with_groq_error" time="0.205" /><testcase classname="tests.test_api_endpoints.TestChatEndpoint" name="test_context_window_below_minimum_returns_422" time="0.102" /><testcase classname="tests.test_api_endpoints.TestChatEndpoint" name="test_context_window_above_maximum_returns_422" time="0.111" /><testcase classname="tests.test_api_endpoints.TestChatEndpoint" name="test_valid_context_window_bounds" time="0.509" /><testcase classname="tests.test_api_endpoints.TestJSONResponses" name="test_all_error_responses_are_json" time="0.559" /><testcase classname="tests.test_api_endpoints.TestJSONResponses" name="test_no_500_errors_on_bad_input" time="0.205" /></testsuite></testsuites>